1539276638755	mozrunner::runner	INFO	Running command: "C:\\Program Files\\Mozilla Firefox\\firefox.exe" "-marionette" "-foreground" "-no-remote" "-profile" "C:\\Users\\alexa\\AppData\\Local\\Temp\\rust_mozprofile.lFJbThZ2JylW"
1539276642162	Marionette	INFO	Listening on port 51840
1539276642884	Marionette	WARN	TLS certificate errors will be ignored for this session
1539276642946	Marionette	DEBUG	[6442450945] Frame script loaded
1539276643018	Marionette	DEBUG	[6442450945] Frame script registered
1539276643686	Marionette	DEBUG	[6442450945] Received DOM event beforeunload for about:blank
1539276644973	Marionette	DEBUG	[6442450945] Received DOM event beforeunload for about:blank
1539276644975	Marionette	DEBUG	[6442450945] Received DOM event pagehide for about:blank
1539276645044	Marionette	DEBUG	[6442450945] Received DOM event DOMContentLoaded for about:neterror?e=connectionFailure&u=http%3A//localhost%3A8000/&c=UTF-8&f=regular&d=Firefox%20ne%20peut%20%C3%A9tablir%20de%20connexion%20avec%20le%20serveur%20%C3%A0%20l%E2%80%99adresse%20localhost%3A8000.
[Parent 16316, Gecko_IOThread] WARNING: pipe error: 109: file z:/build/build/src/ipc/chromium/src/chrome/common/ipc_channel_win.cc, line 346
[Child 9892, Chrome_ChildThread] WARNING: pipe error: 109: file z:/build/build/src/ipc/chromium/src/chrome/common/ipc_channel_w[Child 18024, Chrome_ChildThread] WARNING: pipe error: 109: file z:/build/build/src/ipc/chromium/src/chrome/common/ipc_channel_win.cc, line 346in.cc, line 346

[Child 9892,[Child 18024, Chrome_ChildThread] WARNING: pipe error: 109: file z:/build/build/src/ipc/chromium/src/chrome/common/ipc_channel_win.cc, line 346 
Chrome_ChildThread] WARNING: pipe error: 109: file z:/build/build/src/ipc/chromium/src/chrome/common/ipc_channel_win.cc, line 346
[Parent 16316, Gecko_IOThread] WARNING: pipe error: 109: file z:/build/build/src/ipc/chromium/src/chrome/common/ipc_channel_win.cc, line 346
1539276735443	Marionette	INFO	Stopped listening on port 51840
[GPU 4436, 
###!!! [Child][MessageChannel::SendAndWait] Error: Channel error: cannot send/recv

3%A0%20l%E2%80%99adresse%20localhost%3A8000.
[Parent 5560, Gecko_IOThread] WARNING: pipe error: 109: file z:/build/build/src/ipc/chromium/src/chrome/common/ipc_channel_win.cc, line 346
[Child 17188, Chrome_ChildThread] WARNING: pipe error: 109: file z:/build/build/src/ipc/chromium/src/chrome/common/ipc_channel_win.cc, line 346
[Child 17188, Chrome_ChildThread] WARNING: [Child 4316, Chrome_ChildThread] WARNING: pipe error: 109: file z:/build/build/src/ipc/chromium/src/chrome/common/ipc_channel_win.cc, line 346
[Child 4316, Chr[Parent 5560, Gecko_IOThread] WARNING: pipe error: 109: file z:/build/build/src/ipc/chromium/src/chrome/common/ipc_channel_win.cc, line 346
[Child 508, Chrome_ChildThread] WARNING: pipe error: 109: file z:/build/build/src/ipc/chromium/src/chrome/common/ipc_channel_win.cc, line 346
[Child 508, Chrome_ChildThread] WARNING: pipe error: 109: file z:/build/build/src/ipc/chromium/src/chrome/common/ipc_channel_win.cc, line 346
1539276700380	Marionette	INFO	Stopped listening on port 51876
[GPU 18228, Ch
###!!! [Child][MessageChannel::SendAndWait] Error: Channel error: cannot send/recv

1539277723342	mozrunner::runner	INFO	Running command: "C:\\Program Files\\Mozilla Firefox\\firefox.exe" "-marionette" "-foreground" "-no-remote" "-profile" "C:\\Users\\alexa\\AppData\\Local\\Temp\\rust_mozprofile.spftE0lTdfDk"
1539277725689	Marionette	INFO	Listening on port 61918
1539277726056	Marionette	WARN	TLS certificate errors will be ignored for this session
1539277726092	Marionette	DEBUG	[6442450945] Frame script loaded
1539277726093	Marionette	DEBUG	[6442450945] Frame script registered
1539277726346	Marionette	DEBUG	[6442450945] Received DOM event beforeunload for about:blank
1539277726723	Marionette	DEBUG	[6442450945] Received DOM event pagehide for about:blank
1539277726729	Marionette	DEBUG	[6442450945] Received DOM event DOMContentLoaded for http://localhost:8000/
1539277726771	Marionette	DEBUG	[6442450945] Received DOM event pageshow for http://localhost:8000/
[Parent 1828, Gecko_IOThread] WARNING: pipe error: 109: file z:/build/build/src/ipc/chromium/src/chrome/common/ipc_channel_win.cc, line 346
[Parent 1828, Gecko_IOThread] WARNING: pipe error: 109: file z:/build/build/src/ipc/chromium/src/chrome/common/ipc_channel_win.cc, line 346
[Child 179[Child 19096, Chrome_ChildThread] WARNING: pipe error: 109: file z:/build/build/src/ipc/chromium/src/chrome/common/ipc_channel_win.cc, line 346
[Child 19096, C[Parent 1828, Gecko_IOThread] WARNING: pipe error: 109: file z:/build/build/src/ipc/chromium/src/chrome/common/ipc_channel_win.cc, line 346
[Child 6156, Chrome_ChildThread] WARNING: pipe error: 109: file z:/build/build/src/ipc/chromium/src/chrome/common/ipc_channel_win.cc, line 346
[Child 6156, Chrome_ChildThread] WARNING: pipe error: 109: file z:/build/build/src/ipc/chromium/1539277739361	Marionette	INFO	Stopped listening on port 61918
[GPU 1058
###!!! [Child][MessageChannel::SendAndWait] Error: Channel error: cannot send/recv

